================ 银行账户交易记录 ================
生成时间：2025-12-25 17:34:49

账户：ACC001 (张三)
余额：$3500.00
交易记录：
2025-12-25 17:34:49 - 存入 $1000.000000
2025-12-25 17:34:49 - 取出 $500.000000
2025-12-25 17:34:49 - 转账给ACC002 $2000.000000
----------------------------------------
账户：ACC002 (李四)
余额：$10000.00
交易记录：
----------------------------------------
账户：ACC003 (王五)
余额：$3700.00
交易记录：
----------------------------------------
账户：ACC001 (张三)
余额：$3500.00
交易记录：
2025-12-25 17:34:49 - 存入 $1000.000000
2025-12-25 17:34:49 - 取出 $500.000000
2025-12-25 17:34:49 - 转账给ACC002 $2000.000000
----------------------------------------
账户：ACC002 (李四)
余额：$10000.00
交易记录：
----------------------------------------
账户：ACC006 (赵六)
余额：$11500.00
交易记录：
2025-12-25 17:34:49 - 存入 $2000.000000
2025-12-25 17:34:49 - 取出 $500.000000
----------------------------------------
================ 记录结束 ================
